07-03 19:50:14 com_github_MitjaNemec_PlaceFootprints.action_place_footprints 405:Plugin executed on: 'win32'
07-03 19:50:14 com_github_MitjaNemec_PlaceFootprints.action_place_footprints 406:Plugin executed with python version: '3.9.16 (main, May 18 2023, 07:48:16) [MSC v.1936 64 bit (AMD64)]'
07-03 19:50:14 com_github_MitjaNemec_PlaceFootprints.action_place_footprints 407:KiCad build version: 7.0.5
07-03 19:50:14 com_github_MitjaNemec_PlaceFootprints.action_place_footprints 408:Plugin version: 2.0.3
07-03 19:50:14 com_github_MitjaNemec_PlaceFootprints.action_place_footprints 409:Frame repr: <wx._core.Frame object at 0x000001E28DC45EE0>
07-03 19:50:14 com_github_MitjaNemec_PlaceFootprints.place_footprints 121:getting a list of all footprints on board
07-03 19:50:14 com_github_MitjaNemec_PlaceFootprints.place_footprints 156:Footprint C2 on root level
07-03 19:50:14 com_github_MitjaNemec_PlaceFootprints.place_footprints 156:Footprint U9 on root level
07-03 19:50:14 com_github_MitjaNemec_PlaceFootprints.place_footprints 156:Footprint R70 on root level
07-03 19:50:14 com_github_MitjaNemec_PlaceFootprints.place_footprints 156:Footprint R6 on root level
07-03 19:50:14 com_github_MitjaNemec_PlaceFootprints.place_footprints 156:Footprint R1 on root level
07-03 19:50:14 com_github_MitjaNemec_PlaceFootprints.place_footprints 156:Footprint Q35 on root level
07-03 19:50:14 com_github_MitjaNemec_PlaceFootprints.place_footprints 156:Footprint R72 on root level
07-03 19:50:14 com_github_MitjaNemec_PlaceFootprints.place_footprints 156:Footprint U6 on root level
07-03 19:50:14 com_github_MitjaNemec_PlaceFootprints.place_footprints 156:Footprint R7 on root level
07-03 19:50:14 com_github_MitjaNemec_PlaceFootprints.place_footprints 156:Footprint R58 on root level
07-03 19:50:14 com_github_MitjaNemec_PlaceFootprints.place_footprints 156:Footprint R10 on root level
07-03 19:50:14 com_github_MitjaNemec_PlaceFootprints.place_footprints 156:Footprint R16 on root level
07-03 19:50:14 com_github_MitjaNemec_PlaceFootprints.place_footprints 156:Footprint R9 on root level
07-03 19:50:14 com_github_MitjaNemec_PlaceFootprints.place_footprints 156:Footprint U8 on root level
07-03 19:50:14 com_github_MitjaNemec_PlaceFootprints.place_footprints 156:Footprint R39 on root level
07-03 19:50:14 com_github_MitjaNemec_PlaceFootprints.place_footprints 156:Footprint R22 on root level
07-03 19:50:14 com_github_MitjaNemec_PlaceFootprints.place_footprints 156:Footprint R63 on root level
07-03 19:50:14 com_github_MitjaNemec_PlaceFootprints.place_footprints 156:Footprint R59 on root level
07-03 19:50:14 com_github_MitjaNemec_PlaceFootprints.place_footprints 156:Footprint R28 on root level
07-03 19:50:14 com_github_MitjaNemec_PlaceFootprints.place_footprints 156:Footprint R37 on root level
07-03 19:50:14 com_github_MitjaNemec_PlaceFootprints.place_footprints 156:Footprint R52 on root level
07-03 19:50:14 com_github_MitjaNemec_PlaceFootprints.place_footprints 156:Footprint R11 on root level
07-03 19:50:14 com_github_MitjaNemec_PlaceFootprints.place_footprints 156:Footprint D1 on root level
07-03 19:50:14 com_github_MitjaNemec_PlaceFootprints.place_footprints 156:Footprint Q22 on root level
07-03 19:50:14 com_github_MitjaNemec_PlaceFootprints.place_footprints 156:Footprint R4 on root level
07-03 19:50:14 com_github_MitjaNemec_PlaceFootprints.place_footprints 156:Footprint D9 on root level
07-03 19:50:14 com_github_MitjaNemec_PlaceFootprints.place_footprints 156:Footprint R48 on root level
07-03 19:50:14 com_github_MitjaNemec_PlaceFootprints.place_footprints 156:Footprint C1 on root level
07-03 19:50:14 com_github_MitjaNemec_PlaceFootprints.place_footprints 156:Footprint D4 on root level
07-03 19:50:14 com_github_MitjaNemec_PlaceFootprints.place_footprints 156:Footprint Q17 on root level
07-03 19:50:14 com_github_MitjaNemec_PlaceFootprints.place_footprints 156:Footprint C8 on root level
07-03 19:50:14 com_github_MitjaNemec_PlaceFootprints.place_footprints 156:Footprint Q13 on root level
07-03 19:50:14 com_github_MitjaNemec_PlaceFootprints.place_footprints 156:Footprint R51 on root level
07-03 19:50:14 com_github_MitjaNemec_PlaceFootprints.place_footprints 156:Footprint Q14 on root level
07-03 19:50:14 com_github_MitjaNemec_PlaceFootprints.place_footprints 156:Footprint R20 on root level
07-03 19:50:14 com_github_MitjaNemec_PlaceFootprints.place_footprints 156:Footprint Q28 on root level
07-03 19:50:14 com_github_MitjaNemec_PlaceFootprints.place_footprints 156:Footprint R30 on root level
07-03 19:50:14 com_github_MitjaNemec_PlaceFootprints.place_footprints 156:Footprint R18 on root level
07-03 19:50:14 com_github_MitjaNemec_PlaceFootprints.place_footprints 156:Footprint R60 on root level
07-03 19:50:14 com_github_MitjaNemec_PlaceFootprints.place_footprints 156:Footprint U2 on root level
07-03 19:50:14 com_github_MitjaNemec_PlaceFootprints.place_footprints 156:Footprint R53 on root level
07-03 19:50:14 com_github_MitjaNemec_PlaceFootprints.place_footprints 156:Footprint Q10 on root level
07-03 19:50:14 com_github_MitjaNemec_PlaceFootprints.place_footprints 156:Footprint C5 on root level
07-03 19:50:14 com_github_MitjaNemec_PlaceFootprints.place_footprints 156:Footprint R3 on root level
07-03 19:50:14 com_github_MitjaNemec_PlaceFootprints.place_footprints 156:Footprint R55 on root level
07-03 19:50:14 com_github_MitjaNemec_PlaceFootprints.place_footprints 156:Footprint R61 on root level
07-03 19:50:14 com_github_MitjaNemec_PlaceFootprints.place_footprints 156:Footprint Q3 on root level
07-03 19:50:14 com_github_MitjaNemec_PlaceFootprints.place_footprints 156:Footprint R54 on root level
07-03 19:50:14 com_github_MitjaNemec_PlaceFootprints.place_footprints 156:Footprint Q29 on root level
07-03 19:50:14 com_github_MitjaNemec_PlaceFootprints.place_footprints 156:Footprint Q19 on root level
07-03 19:50:14 com_github_MitjaNemec_PlaceFootprints.place_footprints 156:Footprint Q21 on root level
07-03 19:50:14 com_github_MitjaNemec_PlaceFootprints.place_footprints 156:Footprint U7 on root level
07-03 19:50:14 com_github_MitjaNemec_PlaceFootprints.place_footprints 156:Footprint Q26 on root level
07-03 19:50:14 com_github_MitjaNemec_PlaceFootprints.place_footprints 156:Footprint Q11 on root level
07-03 19:50:14 com_github_MitjaNemec_PlaceFootprints.place_footprints 156:Footprint R66 on root level
07-03 19:50:14 com_github_MitjaNemec_PlaceFootprints.place_footprints 156:Footprint R38 on root level
07-03 19:50:14 com_github_MitjaNemec_PlaceFootprints.place_footprints 156:Footprint R71 on root level
07-03 19:50:14 com_github_MitjaNemec_PlaceFootprints.place_footprints 156:Footprint U11 on root level
07-03 19:50:14 com_github_MitjaNemec_PlaceFootprints.place_footprints 156:Footprint R57 on root level
07-03 19:50:14 com_github_MitjaNemec_PlaceFootprints.place_footprints 156:Footprint R43 on root level
07-03 19:50:14 com_github_MitjaNemec_PlaceFootprints.place_footprints 156:Footprint R49 on root level
07-03 19:50:14 com_github_MitjaNemec_PlaceFootprints.place_footprints 156:Footprint C11 on root level
07-03 19:50:14 com_github_MitjaNemec_PlaceFootprints.place_footprints 156:Footprint R44 on root level
07-03 19:50:14 com_github_MitjaNemec_PlaceFootprints.place_footprints 156:Footprint U3 on root level
07-03 19:50:14 com_github_MitjaNemec_PlaceFootprints.place_footprints 156:Footprint R47 on root level
07-03 19:50:14 com_github_MitjaNemec_PlaceFootprints.place_footprints 156:Footprint Q32 on root level
07-03 19:50:14 com_github_MitjaNemec_PlaceFootprints.place_footprints 156:Footprint R34 on root level
07-03 19:50:14 com_github_MitjaNemec_PlaceFootprints.place_footprints 156:Footprint R56 on root level
07-03 19:50:14 com_github_MitjaNemec_PlaceFootprints.place_footprints 156:Footprint U12 on root level
07-03 19:50:14 com_github_MitjaNemec_PlaceFootprints.place_footprints 156:Footprint C9 on root level
07-03 19:50:14 com_github_MitjaNemec_PlaceFootprints.place_footprints 156:Footprint Q30 on root level
07-03 19:50:14 com_github_MitjaNemec_PlaceFootprints.place_footprints 156:Footprint D8 on root level
07-03 19:50:14 com_github_MitjaNemec_PlaceFootprints.place_footprints 156:Footprint Q5 on root level
07-03 19:50:14 com_github_MitjaNemec_PlaceFootprints.place_footprints 156:Footprint R13 on root level
07-03 19:50:14 com_github_MitjaNemec_PlaceFootprints.place_footprints 156:Footprint Q23 on root level
07-03 19:50:14 com_github_MitjaNemec_PlaceFootprints.place_footprints 156:Footprint Q25 on root level
07-03 19:50:14 com_github_MitjaNemec_PlaceFootprints.place_footprints 156:Footprint R46 on root level
07-03 19:50:14 com_github_MitjaNemec_PlaceFootprints.place_footprints 156:Footprint R62 on root level
07-03 19:50:14 com_github_MitjaNemec_PlaceFootprints.place_footprints 156:Footprint R8 on root level
07-03 19:50:14 com_github_MitjaNemec_PlaceFootprints.place_footprints 156:Footprint R45 on root level
07-03 19:50:14 com_github_MitjaNemec_PlaceFootprints.place_footprints 156:Footprint R26 on root level
07-03 19:50:14 com_github_MitjaNemec_PlaceFootprints.place_footprints 156:Footprint Q15 on root level
07-03 19:50:14 com_github_MitjaNemec_PlaceFootprints.place_footprints 156:Footprint R29 on root level
07-03 19:50:14 com_github_MitjaNemec_PlaceFootprints.place_footprints 156:Footprint C7 on root level
07-03 19:50:14 com_github_MitjaNemec_PlaceFootprints.place_footprints 156:Footprint Q1 on root level
07-03 19:50:14 com_github_MitjaNemec_PlaceFootprints.place_footprints 156:Footprint C12 on root level
07-03 19:50:14 com_github_MitjaNemec_PlaceFootprints.place_footprints 156:Footprint R69 on root level
07-03 19:50:14 com_github_MitjaNemec_PlaceFootprints.place_footprints 156:Footprint Q6 on root level
07-03 19:50:14 com_github_MitjaNemec_PlaceFootprints.place_footprints 156:Footprint R32 on root level
07-03 19:50:14 com_github_MitjaNemec_PlaceFootprints.place_footprints 156:Footprint D3 on root level
07-03 19:50:14 com_github_MitjaNemec_PlaceFootprints.place_footprints 156:Footprint R42 on root level
07-03 19:50:14 com_github_MitjaNemec_PlaceFootprints.place_footprints 156:Footprint Q9 on root level
07-03 19:50:14 com_github_MitjaNemec_PlaceFootprints.place_footprints 156:Footprint R68 on root level
07-03 19:50:14 com_github_MitjaNemec_PlaceFootprints.place_footprints 156:Footprint Q27 on root level
07-03 19:50:14 com_github_MitjaNemec_PlaceFootprints.place_footprints 156:Footprint C4 on root level
07-03 19:50:14 com_github_MitjaNemec_PlaceFootprints.place_footprints 156:Footprint U4 on root level
07-03 19:50:14 com_github_MitjaNemec_PlaceFootprints.place_footprints 156:Footprint R15 on root level
07-03 19:50:14 com_github_MitjaNemec_PlaceFootprints.place_footprints 156:Footprint C6 on root level
07-03 19:50:14 com_github_MitjaNemec_PlaceFootprints.place_footprints 156:Footprint R36 on root level
07-03 19:50:14 com_github_MitjaNemec_PlaceFootprints.place_footprints 156:Footprint R14 on root level
07-03 19:50:14 com_github_MitjaNemec_PlaceFootprints.place_footprints 156:Footprint Q8 on root level
07-03 19:50:14 com_github_MitjaNemec_PlaceFootprints.place_footprints 156:Footprint R33 on root level
07-03 19:50:14 com_github_MitjaNemec_PlaceFootprints.place_footprints 156:Footprint U5 on root level
07-03 19:50:14 com_github_MitjaNemec_PlaceFootprints.place_footprints 156:Footprint Q18 on root level
07-03 19:50:14 com_github_MitjaNemec_PlaceFootprints.place_footprints 156:Footprint Q4 on root level
07-03 19:50:14 com_github_MitjaNemec_PlaceFootprints.place_footprints 156:Footprint Q24 on root level
07-03 19:50:14 com_github_MitjaNemec_PlaceFootprints.place_footprints 156:Footprint C3 on root level
07-03 19:50:14 com_github_MitjaNemec_PlaceFootprints.place_footprints 156:Footprint D2 on root level
07-03 19:50:14 com_github_MitjaNemec_PlaceFootprints.place_footprints 156:Footprint R21 on root level
07-03 19:50:14 com_github_MitjaNemec_PlaceFootprints.place_footprints 156:Footprint R40 on root level
07-03 19:50:14 com_github_MitjaNemec_PlaceFootprints.place_footprints 156:Footprint Q31 on root level
07-03 19:50:14 com_github_MitjaNemec_PlaceFootprints.place_footprints 156:Footprint R65 on root level
07-03 19:50:14 com_github_MitjaNemec_PlaceFootprints.place_footprints 156:Footprint D5 on root level
07-03 19:50:14 com_github_MitjaNemec_PlaceFootprints.place_footprints 156:Footprint Q36 on root level
07-03 19:50:14 com_github_MitjaNemec_PlaceFootprints.place_footprints 156:Footprint D6 on root level
07-03 19:50:14 com_github_MitjaNemec_PlaceFootprints.place_footprints 156:Footprint R41 on root level
07-03 19:50:14 com_github_MitjaNemec_PlaceFootprints.place_footprints 156:Footprint R5 on root level
07-03 19:50:14 com_github_MitjaNemec_PlaceFootprints.place_footprints 156:Footprint R25 on root level
07-03 19:50:14 com_github_MitjaNemec_PlaceFootprints.place_footprints 156:Footprint Q2 on root level
07-03 19:50:14 com_github_MitjaNemec_PlaceFootprints.place_footprints 156:Footprint D7 on root level
07-03 19:50:14 com_github_MitjaNemec_PlaceFootprints.place_footprints 156:Footprint R50 on root level
07-03 19:50:14 com_github_MitjaNemec_PlaceFootprints.place_footprints 156:Footprint R35 on root level
07-03 19:50:14 com_github_MitjaNemec_PlaceFootprints.place_footprints 156:Footprint R64 on root level
07-03 19:50:14 com_github_MitjaNemec_PlaceFootprints.place_footprints 156:Footprint R19 on root level
07-03 19:50:14 com_github_MitjaNemec_PlaceFootprints.place_footprints 156:Footprint C10 on root level
07-03 19:50:14 com_github_MitjaNemec_PlaceFootprints.place_footprints 156:Footprint R12 on root level
07-03 19:50:14 com_github_MitjaNemec_PlaceFootprints.place_footprints 156:Footprint R31 on root level
07-03 19:50:14 com_github_MitjaNemec_PlaceFootprints.place_footprints 156:Footprint R67 on root level
07-03 19:50:14 com_github_MitjaNemec_PlaceFootprints.place_footprints 156:Footprint R27 on root level
07-03 19:50:14 com_github_MitjaNemec_PlaceFootprints.place_footprints 156:Footprint R17 on root level
07-03 19:50:14 com_github_MitjaNemec_PlaceFootprints.place_footprints 156:Footprint Q20 on root level
07-03 19:50:14 com_github_MitjaNemec_PlaceFootprints.place_footprints 156:Footprint R2 on root level
07-03 19:50:14 com_github_MitjaNemec_PlaceFootprints.place_footprints 156:Footprint U10 on root level
07-03 19:50:14 com_github_MitjaNemec_PlaceFootprints.place_footprints 156:Footprint J1 on root level
07-03 19:50:14 com_github_MitjaNemec_PlaceFootprints.place_footprints 156:Footprint Q16 on root level
07-03 19:50:14 com_github_MitjaNemec_PlaceFootprints.place_footprints 156:Footprint Q34 on root level
07-03 19:50:14 com_github_MitjaNemec_PlaceFootprints.place_footprints 156:Footprint R24 on root level
07-03 19:50:14 com_github_MitjaNemec_PlaceFootprints.place_footprints 156:Footprint U1 on root level
07-03 19:50:14 com_github_MitjaNemec_PlaceFootprints.place_footprints 156:Footprint Q7 on root level
07-03 19:50:14 com_github_MitjaNemec_PlaceFootprints.place_footprints 156:Footprint R23 on root level
07-03 19:50:14 com_github_MitjaNemec_PlaceFootprints.place_footprints 156:Footprint Q33 on root level
07-03 19:50:14 com_github_MitjaNemec_PlaceFootprints.place_footprints 156:Footprint Q12 on root level
07-03 19:50:15 com_github_MitjaNemec_PlaceFootprints.action_place_footprints 588:Reference designator is: D
07-03 19:50:15 com_github_MitjaNemec_PlaceFootprints.action_place_footprints 589:Reference number is: 1
07-03 19:50:15 com_github_MitjaNemec_PlaceFootprints.action_place_footprints 621:Sorted and filtered list:
['D1', 'D2', 'D3', 'D4', 'D5', 'D6', 'D7', 'D8', 'D9']
07-03 19:50:26 com_github_MitjaNemec_PlaceFootprints.action_place_footprints 659:Footprints to place:
['D1', 'D2', 'D3', 'D4', 'D5', 'D6', 'D7', 'D8', 'D9']
07-03 19:50:26 com_github_MitjaNemec_PlaceFootprints.place_footprints 367:Starting placing with linear layout
07-03 19:50:26 com_github_MitjaNemec_PlaceFootprints.action_place_footprints 700:Placing complete
